<?xml version="1.0" encoding="UTF-8"?>
<!-- Generated by org.testng.reporters.JUnitXMLReporter -->
<testsuite ignored="0" hostname="DESKTOP-97QQK07" failures="0" tests="6" name="Default test" time="11.521" errors="0" timestamp="2022-11-17T15:57:57 IST">
  <testcase classname="mavenpractice.amazonbesant.invocation" name="chromelaunch" time="3.028"/>
  <testcase classname="mavenpractice.amazonbesant.invocation" name="chromelaunch" time="4.083"/>
  <testcase classname="mavenpractice.amazonbesant.invocation" name="chromelaunch" time="2.389"/>
  <testcase classname="mavenpractice.amazonbesant.invocation" name="chromelaunch" time="2.063"/>
  <testcase classname="mavenpractice.amazonbesant.invocation" name="chromelaunch" time="2.078"/>
  <testcase classname="mavenpractice.amazonbesant.invocation" name="openbrowser" time="3.819"/>
</testsuite> <!-- Default test -->
