<?xml version="1.0" encoding="UTF-8"?>
<testng-results ignored="0" total="6" passed="6" failed="0" skipped="0">
  <reporter-output>
  </reporter-output>
  <suite started-at="2022-11-17T15:57:46 IST" name="Default suite" finished-at="2022-11-17T15:57:57 IST" duration-ms="11521">
    <groups>
    </groups>
    <test started-at="2022-11-17T15:57:46 IST" name="Default test" finished-at="2022-11-17T15:57:57 IST" duration-ms="11521">
      <class name="mavenpractice.amazonbesant.invocation">
        <test-method signature="chromelaunch()[pri:0, instance:mavenpractice.amazonbesant.invocation@56193c7d]" started-at="2022-11-17T15:57:46 IST" name="chromelaunch" finished-at="2022-11-17T15:57:50 IST" duration-ms="4083" status="PASS">
          <reporter-output>
          </reporter-output>
        </test-method> <!-- chromelaunch -->
        <test-method signature="chromelaunch()[pri:0, instance:mavenpractice.amazonbesant.invocation@56193c7d]" started-at="2022-11-17T15:57:46 IST" name="chromelaunch" finished-at="2022-11-17T15:57:49 IST" duration-ms="3028" status="PASS">
          <reporter-output>
          </reporter-output>
        </test-method> <!-- chromelaunch -->
        <test-method signature="chromelaunch()[pri:0, instance:mavenpractice.amazonbesant.invocation@56193c7d]" started-at="2022-11-17T15:57:49 IST" name="chromelaunch" finished-at="2022-11-17T15:57:51 IST" duration-ms="2389" status="PASS">
          <reporter-output>
          </reporter-output>
        </test-method> <!-- chromelaunch -->
        <test-method signature="chromelaunch()[pri:0, instance:mavenpractice.amazonbesant.invocation@56193c7d]" started-at="2022-11-17T15:57:50 IST" name="chromelaunch" finished-at="2022-11-17T15:57:52 IST" duration-ms="2063" status="PASS">
          <reporter-output>
          </reporter-output>
        </test-method> <!-- chromelaunch -->
        <test-method signature="chromelaunch()[pri:0, instance:mavenpractice.amazonbesant.invocation@56193c7d]" started-at="2022-11-17T15:57:51 IST" name="chromelaunch" finished-at="2022-11-17T15:57:54 IST" duration-ms="2078" status="PASS">
          <reporter-output>
          </reporter-output>
        </test-method> <!-- chromelaunch -->
        <test-method signature="openbrowser()[pri:0, instance:mavenpractice.amazonbesant.invocation@56193c7d]" started-at="2022-11-17T15:57:54 IST" name="openbrowser" finished-at="2022-11-17T15:57:57 IST" duration-ms="3819" status="PASS">
          <reporter-output>
          </reporter-output>
        </test-method> <!-- openbrowser -->
      </class> <!-- mavenpractice.amazonbesant.invocation -->
    </test> <!-- Default test -->
  </suite> <!-- Default suite -->
</testng-results>
